[sites.google.com/view/consultation-tracker/home.html]
[sites.google.com/view/consultation-tracker/trackere486.html]
[backblue.gif]
[fade.gif]
[index.html]
[sites.google.com/view/consultation-tracker/knowledge-basee486.html]
[ssl.gstatic.com/atari/images/aristotle-header-dark.jpg]
[ssl.gstatic.com/docs/common/cleardot.gif]
[apis.google.com/js/clientc932.js]
[sites.google.com/view/consultation-tracker/tracker.html]
[sites.google.com/view/consultation-tracker/home.html]
[sites.google.com/view/consultation-tracker/knowledge-base.html]
[sites.google.com/view/consultation-tracker/trackere486.html]
[sites.google.com/view/consultation-tracker/trackerfd93.html]
[sites.google.com/view/consultation-tracker/knowledge-basee486.html]
[sites.google.com/view/consultation-tracker/tracker.html]
[sites.google.com/view/consultation-tracker/knowledge-base.html]
[sites.google.com/view/consultation-tracker/trackerfd93.html]
[sites.google.com/view/consultation-tracker/knowledge-basefd93.html]
[sites.google.com/view/consultation-tracker/knowledge-basefd93.html]
